2023-07-02 12:38:05,525 INFO o.h.v.i.u.Version [background-preinit] HV000001: Hibernate Validator 6.2.0.Final
2023-07-02 12:38:06,164 INFO c.s.b.BasicApplication [main] The following profiles are active: dev
2023-07-02 12:38:06,890 INFO o.s.d.r.c.RepositoryConfigurationDelegate [main] Multiple Spring Data modules found, entering strict repository configuration mode!
2023-07-02 12:38:06,892 INFO o.s.d.r.c.RepositoryConfigurationDelegate [main] Bootstrapping Spring Data Redis repositories in DEFAULT mode.
2023-07-02 12:38:06,923 INFO o.s.d.r.c.RepositoryConfigurationDelegate [main] Finished Spring Data repository scanning in 16 ms. Found 0 Redis repository interfaces.
2023-07-02 12:38:07,350 INFO o.s.c.c.s.GenericScope [main] BeanFactory id=b9e3f4ab-201a-382c-9a76-414693508f40
2023-07-02 12:38:07,692 INFO o.s.c.s.PostProcessorRegistrationDelegate$BeanPostProcessorChecker [main] Bean 'org.springframework.cloud.commons.config.CommonsConfigAutoConfiguration' of type [org.springframework.cloud.commons.config.CommonsConfigAutoConfiguration] is not eligible for getting processed by all BeanPostProcessors (for example: not eligible for auto-proxying)
2023-07-02 12:38:07,715 INFO o.s.c.s.PostProcessorRegistrationDelegate$BeanPostProcessorChecker [main] Bean 'org.springframework.cloud.client.loadbalancer.LoadBalancerDefaultMappingsProviderAutoConfiguration' of type [org.springframework.cloud.client.loadbalancer.LoadBalancerDefaultMappingsProviderAutoConfiguration] is not eligible for getting processed by all BeanPostProcessors (for example: not eligible for auto-proxying)
2023-07-02 12:38:07,722 INFO o.s.c.s.PostProcessorRegistrationDelegate$BeanPostProcessorChecker [main] Bean 'loadBalancerClientsDefaultsMappingsProvider' of type [org.springframework.cloud.client.loadbalancer.LoadBalancerDefaultMappingsProviderAutoConfiguration$$Lambda$501/605244604] is not eligible for getting processed by all BeanPostProcessors (for example: not eligible for auto-proxying)
2023-07-02 12:38:07,728 INFO o.s.c.s.PostProcessorRegistrationDelegate$BeanPostProcessorChecker [main] Bean 'defaultsBindHandlerAdvisor' of type [org.springframework.cloud.commons.config.DefaultsBindHandlerAdvisor] is not eligible for getting processed by all BeanPostProcessors (for example: not eligible for auto-proxying)
2023-07-02 12:38:07,778 INFO o.s.c.s.PostProcessorRegistrationDelegate$BeanPostProcessorChecker [main] Bean 'spring.cloud.sentinel-com.alibaba.cloud.sentinel.SentinelProperties' of type [com.alibaba.cloud.sentinel.SentinelProperties] is not eligible for getting processed by all BeanPostProcessors (for example: not eligible for auto-proxying)
2023-07-02 12:38:07,794 INFO o.s.c.s.PostProcessorRegistrationDelegate$BeanPostProcessorChecker [main] Bean 'com.alibaba.cloud.sentinel.custom.SentinelAutoConfiguration' of type [com.alibaba.cloud.sentinel.custom.SentinelAutoConfiguration] is not eligible for getting processed by all BeanPostProcessors (for example: not eligible for auto-proxying)
2023-07-02 12:38:08,223 INFO o.s.b.w.e.t.TomcatWebServer [main] Tomcat initialized with port(s): 8802 (http)
2023-07-02 12:38:08,331 INFO o.s.b.w.s.c.ServletWebServerApplicationContext [main] Root WebApplicationContext: initialization completed in 2147 ms
2023-07-02 12:38:09,487 INFO o.s.c.o.FeignClientFactoryBean [main] For 'basic' URL not provided. Will try picking an instance via load-balancing.
2023-07-02 12:38:10,372 INFO o.s.s.w.DefaultSecurityFilterChain [main] Will secure Ant [pattern='/user/add'] with []
2023-07-02 12:38:10,373 INFO o.s.s.w.DefaultSecurityFilterChain [main] Will secure Ant [pattern='/token/get'] with []
2023-07-02 12:38:10,453 INFO o.s.s.w.DefaultSecurityFilterChain [main] Will secure any request with [org.springframework.security.web.context.request.async.WebAsyncManagerIntegrationFilter@4f5df012, org.springframework.security.web.context.SecurityContextPersistenceFilter@5570ee6d, org.springframework.security.web.header.HeaderWriterFilter@530bd77b, org.springframework.security.web.authentication.logout.LogoutFilter@3d0f4ac4, org.springframework.security.oauth2.provider.authentication.OAuth2AuthenticationProcessingFilter@2267b0bb, org.springframework.security.web.savedrequest.RequestCacheAwareFilter@17e66aed, org.springframework.security.web.servletapi.SecurityContextHolderAwareRequestFilter@17873842, org.springframework.security.web.authentication.AnonymousAuthenticationFilter@38f3dbbf, org.springframework.security.web.session.SessionManagementFilter@62878d7c, org.springframework.security.web.access.ExceptionTranslationFilter@3ce2c5f6, org.springframework.security.web.access.intercept.FilterSecurityInterceptor@217009bd]
2023-07-02 12:38:10,473 INFO o.s.s.w.DefaultSecurityFilterChain [main] Will secure any request with [org.springframework.security.web.context.request.async.WebAsyncManagerIntegrationFilter@7d836c4a, org.springframework.security.web.context.SecurityContextPersistenceFilter@11ec2b2f, org.springframework.security.web.header.HeaderWriterFilter@1dae9e61, org.springframework.security.web.authentication.logout.LogoutFilter@211cf27b, org.springframework.security.web.authentication.UsernamePasswordAuthenticationFilter@6b6fde93, org.springframework.security.web.authentication.ui.DefaultLoginPageGeneratingFilter@7611e295, org.springframework.security.web.authentication.ui.DefaultLogoutPageGeneratingFilter@485547ac, org.springframework.security.web.savedrequest.RequestCacheAwareFilter@a70daf4, org.springframework.security.web.servletapi.SecurityContextHolderAwareRequestFilter@6344004d, org.springframework.security.web.authentication.AnonymousAuthenticationFilter@6d77d269, org.springframework.security.web.session.SessionManagementFilter@37b44e8e, org.springframework.security.web.access.ExceptionTranslationFilter@20276412, org.springframework.security.web.access.intercept.FilterSecurityInterceptor@3cfab56d]
2023-07-02 12:38:11,319 WARN o.s.c.l.c.LoadBalancerCacheAutoConfiguration$LoadBalancerCaffeineWarnLogger [main] Spring Cloud LoadBalancer is currently working with the default cache. While this cache implementation is useful for development and tests, it's recommended to use Caffeine cache in production.You can switch to using Caffeine cache, by adding it and org.springframework.cache.caffeine.CaffeineCacheManager to the classpath.
2023-07-02 12:38:12,448 INFO o.s.b.w.e.t.TomcatWebServer [main] Tomcat started on port(s): 8802 (http) with context path '/basic'
2023-07-02 12:38:12,491 INFO c.a.c.n.r.NacosServiceRegistry [main] nacos registry, DEFAULT_GROUP basic 192.168.31.89:8802 register finished
2023-07-02 12:38:12,513 INFO c.s.b.BasicApplication [main] Started BasicApplication in 7.391 seconds (JVM running for 8.761)
2023-07-02 12:38:12,515 INFO c.s.b.BasicApplication [main] Basic服务启动成功
2023-07-02 12:45:28,507 WARN c.a.n.c.n.NotifyCenter [Thread-26] [NotifyCenter] Start destroying Publisher
2023-07-02 12:45:28,507 WARN c.a.n.c.h.HttpClientBeanHolder [Thread-19] [HttpClientBeanHolder] Start destroying common HttpClient
2023-07-02 12:45:28,516 WARN c.a.n.c.n.NotifyCenter [Thread-26] [NotifyCenter] Destruction of the end
2023-07-02 12:45:28,521 WARN c.a.n.c.h.HttpClientBeanHolder [Thread-19] [HttpClientBeanHolder] Destruction of the end
2023-07-02 12:45:29,582 INFO c.a.c.n.r.NacosServiceRegistry [SpringApplicationShutdownHook] De-registering from Nacos Server now...
2023-07-02 12:45:29,662 INFO c.a.c.n.r.NacosServiceRegistry [SpringApplicationShutdownHook] De-registration finished.
